[ 2017-12-01T01:04:43+08:00 ] 127.0.0.1 /
INFO: [ app_init ] --START--
INFO: Run Behavior\BuildLiteBehavior [ RunTime:0.000015s ]
INFO: [ app_init ] --END-- [ RunTime:0.000702s ]
INFO: [ app_begin ] --START--
INFO: Run Behavior\ReadHtmlCacheBehavior [ RunTime:0.000389s ]
INFO: [ app_begin ] --END-- [ RunTime:0.000920s ]
NOTIC: [8] Use of undefined constant AKEY - assumed 'AKEY' /Users/liekkas/Site/qinzhi/jiedan/web/JD/Library/endecode/UserCode.class.php 第 50 行.

[ 2017-12-01T01:04:53+08:00 ] 127.0.0.1 /uc/submitReg
INFO: [ app_init ] --START--
INFO: Run Behavior\BuildLiteBehavior [ RunTime:0.000018s ]
INFO: [ app_init ] --END-- [ RunTime:0.000092s ]
INFO: [ app_begin ] --START--
INFO: Run Behavior\ReadHtmlCacheBehavior [ RunTime:0.000861s ]
INFO: [ app_begin ] --END-- [ RunTime:0.000929s ]
NOTIC: [8] Use of undefined constant AKEY - assumed 'AKEY' /Users/liekkas/Site/qinzhi/jiedan/web/JD/Library/endecode/UserCode.class.php 第 50 行.

[ 2017-12-01T01:05:16+08:00 ] 127.0.0.1 /uc/submitReg?phone=13261263333
INFO: [ app_init ] --START--
INFO: Run Behavior\BuildLiteBehavior [ RunTime:0.000017s ]
INFO: [ app_init ] --END-- [ RunTime:0.000103s ]
INFO: [ app_begin ] --START--
INFO: Run Behavior\ReadHtmlCacheBehavior [ RunTime:0.001088s ]
INFO: [ app_begin ] --END-- [ RunTime:0.001187s ]
NOTIC: [8] Use of undefined constant AKEY - assumed 'AKEY' /Users/liekkas/Site/qinzhi/jiedan/web/JD/Library/endecode/UserCode.class.php 第 50 行.

[ 2017-12-01T01:05:30+08:00 ] 127.0.0.1 /uc/submitReg?phone=13261263333&password=123456
INFO: [ app_init ] --START--
INFO: Run Behavior\BuildLiteBehavior [ RunTime:0.000020s ]
INFO: [ app_init ] --END-- [ RunTime:0.000118s ]
INFO: [ app_begin ] --START--
INFO: Run Behavior\ReadHtmlCacheBehavior [ RunTime:0.000510s ]
INFO: [ app_begin ] --END-- [ RunTime:0.000601s ]
NOTIC: [8] Use of undefined constant AKEY - assumed 'AKEY' /Users/liekkas/Site/qinzhi/jiedan/web/JD/Library/endecode/UserCode.class.php 第 50 行.

[ 2017-12-01T01:05:50+08:00 ] 127.0.0.1 /uc/submitReg?phone=13261263333&password=123456&phone_valicode=123213
INFO: [ app_init ] --START--
INFO: Run Behavior\BuildLiteBehavior [ RunTime:0.000028s ]
INFO: [ app_init ] --END-- [ RunTime:0.000122s ]
INFO: [ app_begin ] --START--
INFO: Run Behavior\ReadHtmlCacheBehavior [ RunTime:0.000370s ]
INFO: [ app_begin ] --END-- [ RunTime:0.000440s ]
NOTIC: [8] Use of undefined constant AKEY - assumed 'AKEY' /Users/liekkas/Site/qinzhi/jiedan/web/JD/Library/endecode/UserCode.class.php 第 50 行.
NOTIC: [8] Use of undefined constant AKEY - assumed 'AKEY' /Users/liekkas/Site/qinzhi/jiedan/web/JD/Library/endecode/UserCode.class.php 第 50 行.

[ 2017-12-01T01:05:59+08:00 ] 127.0.0.1 /uc/submitReg?phone=13261263333&password=123456&phone_valicode=308
INFO: [ app_init ] --START--
INFO: Run Behavior\BuildLiteBehavior [ RunTime:0.000016s ]
INFO: [ app_init ] --END-- [ RunTime:0.000094s ]
INFO: [ app_begin ] --START--
INFO: Run Behavior\ReadHtmlCacheBehavior [ RunTime:0.000353s ]
INFO: [ app_begin ] --END-- [ RunTime:0.000420s ]
NOTIC: [8] Use of undefined constant AKEY - assumed 'AKEY' /Users/liekkas/Site/qinzhi/jiedan/web/JD/Library/endecode/UserCode.class.php 第 50 行.
NOTIC: [8] Use of undefined constant AKEY - assumed 'AKEY' /Users/liekkas/Site/qinzhi/jiedan/web/JD/Library/endecode/UserCode.class.php 第 50 行.

[ 2017-12-01T01:06:53+08:00 ] 127.0.0.1 /uc/submitReg?phone=13261263333&password=123456&phone_valicode=308
INFO: [ app_init ] --START--
INFO: Run Behavior\BuildLiteBehavior [ RunTime:0.000013s ]
INFO: [ app_init ] --END-- [ RunTime:0.000095s ]
INFO: [ app_begin ] --START--
INFO: Run Behavior\ReadHtmlCacheBehavior [ RunTime:0.000302s ]
INFO: [ app_begin ] --END-- [ RunTime:0.000360s ]
NOTIC: [8] Use of undefined constant AKEY - assumed 'AKEY' /Users/liekkas/Site/qinzhi/jiedan/web/JD/Library/endecode/UserCode.class.php 第 50 行.
NOTIC: [8] Use of undefined constant AKEY - assumed 'AKEY' /Users/liekkas/Site/qinzhi/jiedan/web/JD/Library/endecode/UserCode.class.php 第 50 行.

[ 2017-12-01T01:06:54+08:00 ] 127.0.0.1 /uc/submitReg?phone=13261263333&password=123456&phone_valicode=308
INFO: [ app_init ] --START--
INFO: Run Behavior\BuildLiteBehavior [ RunTime:0.000013s ]
INFO: [ app_init ] --END-- [ RunTime:0.000082s ]
INFO: [ app_begin ] --START--
INFO: Run Behavior\ReadHtmlCacheBehavior [ RunTime:0.000340s ]
INFO: [ app_begin ] --END-- [ RunTime:0.000414s ]
NOTIC: [8] Use of undefined constant AKEY - assumed 'AKEY' /Users/liekkas/Site/qinzhi/jiedan/web/JD/Library/endecode/UserCode.class.php 第 50 行.
NOTIC: [8] Use of undefined constant AKEY - assumed 'AKEY' /Users/liekkas/Site/qinzhi/jiedan/web/JD/Library/endecode/UserCode.class.php 第 50 行.

[ 2017-12-01T01:06:55+08:00 ] 127.0.0.1 /uc/submitReg?phone=13261263333&password=123456&phone_valicode=308
INFO: [ app_init ] --START--
INFO: Run Behavior\BuildLiteBehavior [ RunTime:0.000013s ]
INFO: [ app_init ] --END-- [ RunTime:0.000096s ]
INFO: [ app_begin ] --START--
INFO: Run Behavior\ReadHtmlCacheBehavior [ RunTime:0.000334s ]
INFO: [ app_begin ] --END-- [ RunTime:0.000392s ]
NOTIC: [8] Use of undefined constant AKEY - assumed 'AKEY' /Users/liekkas/Site/qinzhi/jiedan/web/JD/Library/endecode/UserCode.class.php 第 50 行.
NOTIC: [8] Use of undefined constant AKEY - assumed 'AKEY' /Users/liekkas/Site/qinzhi/jiedan/web/JD/Library/endecode/UserCode.class.php 第 50 行.

[ 2017-12-01T01:06:56+08:00 ] 127.0.0.1 /uc/submitReg?phone=13261263333&password=123456&phone_valicode=308
INFO: [ app_init ] --START--
INFO: Run Behavior\BuildLiteBehavior [ RunTime:0.000013s ]
INFO: [ app_init ] --END-- [ RunTime:0.000091s ]
INFO: [ app_begin ] --START--
INFO: Run Behavior\ReadHtmlCacheBehavior [ RunTime:0.000338s ]
INFO: [ app_begin ] --END-- [ RunTime:0.000408s ]
NOTIC: [8] Use of undefined constant AKEY - assumed 'AKEY' /Users/liekkas/Site/qinzhi/jiedan/web/JD/Library/endecode/UserCode.class.php 第 50 行.
NOTIC: [8] Use of undefined constant AKEY - assumed 'AKEY' /Users/liekkas/Site/qinzhi/jiedan/web/JD/Library/endecode/UserCode.class.php 第 50 行.

[ 2017-12-01T01:06:56+08:00 ] 127.0.0.1 /uc/submitReg?phone=13261263333&password=123456&phone_valicode=308
INFO: [ app_init ] --START--
INFO: Run Behavior\BuildLiteBehavior [ RunTime:0.000012s ]
INFO: [ app_init ] --END-- [ RunTime:0.000086s ]
INFO: [ app_begin ] --START--
INFO: Run Behavior\ReadHtmlCacheBehavior [ RunTime:0.000332s ]
INFO: [ app_begin ] --END-- [ RunTime:0.000396s ]
NOTIC: [8] Use of undefined constant AKEY - assumed 'AKEY' /Users/liekkas/Site/qinzhi/jiedan/web/JD/Library/endecode/UserCode.class.php 第 50 行.
NOTIC: [8] Use of undefined constant AKEY - assumed 'AKEY' /Users/liekkas/Site/qinzhi/jiedan/web/JD/Library/endecode/UserCode.class.php 第 50 行.

[ 2017-12-01T01:07:21+08:00 ] 127.0.0.1 /uc/submitReg?phone=13261263333&password=123456&phone_valicode=308
INFO: [ app_init ] --START--
INFO: Run Behavior\BuildLiteBehavior [ RunTime:0.000016s ]
INFO: [ app_init ] --END-- [ RunTime:0.000107s ]
INFO: [ app_begin ] --START--
INFO: Run Behavior\ReadHtmlCacheBehavior [ RunTime:0.000316s ]
INFO: [ app_begin ] --END-- [ RunTime:0.000381s ]
NOTIC: [8] Use of undefined constant AKEY - assumed 'AKEY' /Users/liekkas/Site/qinzhi/jiedan/web/JD/Library/endecode/UserCode.class.php 第 50 行.
NOTIC: [8] Use of undefined constant AKEY - assumed 'AKEY' /Users/liekkas/Site/qinzhi/jiedan/web/JD/Library/endecode/UserCode.class.php 第 50 行.

[ 2017-12-01T01:07:21+08:00 ] 127.0.0.1 /uc/submitReg?phone=13261263333&password=123456&phone_valicode=308
INFO: [ app_init ] --START--
INFO: Run Behavior\BuildLiteBehavior [ RunTime:0.000013s ]
INFO: [ app_init ] --END-- [ RunTime:0.000096s ]
INFO: [ app_begin ] --START--
INFO: Run Behavior\ReadHtmlCacheBehavior [ RunTime:0.000310s ]
INFO: [ app_begin ] --END-- [ RunTime:0.000412s ]
NOTIC: [8] Use of undefined constant AKEY - assumed 'AKEY' /Users/liekkas/Site/qinzhi/jiedan/web/JD/Library/endecode/UserCode.class.php 第 50 行.
NOTIC: [8] Use of undefined constant AKEY - assumed 'AKEY' /Users/liekkas/Site/qinzhi/jiedan/web/JD/Library/endecode/UserCode.class.php 第 50 行.

[ 2017-12-01T01:07:35+08:00 ] 127.0.0.1 /uc/submitReg?phone=13261263333&password=123456&phone_valicode=308
INFO: [ app_init ] --START--
INFO: Run Behavior\BuildLiteBehavior [ RunTime:0.000071s ]
INFO: [ app_init ] --END-- [ RunTime:0.000217s ]
INFO: [ app_begin ] --START--
INFO: Run Behavior\ReadHtmlCacheBehavior [ RunTime:0.001014s ]
INFO: [ app_begin ] --END-- [ RunTime:0.001183s ]
NOTIC: [8] Use of undefined constant AKEY - assumed 'AKEY' /Users/liekkas/Site/qinzhi/jiedan/web/JD/Library/endecode/UserCode.class.php 第 50 行.
NOTIC: [8] Use of undefined constant AKEY - assumed 'AKEY' /Users/liekkas/Site/qinzhi/jiedan/web/JD/Library/endecode/UserCode.class.php 第 50 行.

[ 2017-12-01T01:07:35+08:00 ] 127.0.0.1 /uc/submitReg?phone=13261263333&password=123456&phone_valicode=308
INFO: [ app_init ] --START--
INFO: Run Behavior\BuildLiteBehavior [ RunTime:0.000013s ]
INFO: [ app_init ] --END-- [ RunTime:0.000097s ]
INFO: [ app_begin ] --START--
INFO: Run Behavior\ReadHtmlCacheBehavior [ RunTime:0.000305s ]
INFO: [ app_begin ] --END-- [ RunTime:0.000373s ]
NOTIC: [8] Use of undefined constant AKEY - assumed 'AKEY' /Users/liekkas/Site/qinzhi/jiedan/web/JD/Library/endecode/UserCode.class.php 第 50 行.
NOTIC: [8] Use of undefined constant AKEY - assumed 'AKEY' /Users/liekkas/Site/qinzhi/jiedan/web/JD/Library/endecode/UserCode.class.php 第 50 行.

[ 2017-12-01T01:07:54+08:00 ] 127.0.0.1 /uc/submitReg?phone=13261263333&password=123456&phone_valicode=308
INFO: [ app_init ] --START--
INFO: Run Behavior\BuildLiteBehavior [ RunTime:0.000016s ]
INFO: [ app_init ] --END-- [ RunTime:0.000095s ]
INFO: [ app_begin ] --START--
INFO: Run Behavior\ReadHtmlCacheBehavior [ RunTime:0.000391s ]
INFO: [ app_begin ] --END-- [ RunTime:0.000466s ]
NOTIC: [8] Use of undefined constant AKEY - assumed 'AKEY' /Users/liekkas/Site/qinzhi/jiedan/web/JD/Library/endecode/UserCode.class.php 第 50 行.
NOTIC: [8] Use of undefined constant AKEY - assumed 'AKEY' /Users/liekkas/Site/qinzhi/jiedan/web/JD/Library/endecode/UserCode.class.php 第 50 行.

[ 2017-12-01T01:08:43+08:00 ] 127.0.0.1 /uc/submitReg?phone=13261263333&password=123456&phone_valicode=308
INFO: [ app_init ] --START--
INFO: Run Behavior\BuildLiteBehavior [ RunTime:0.000013s ]
INFO: [ app_init ] --END-- [ RunTime:0.000349s ]

[ 2017-12-01T01:09:30+08:00 ] 127.0.0.1 /uc/submitReg?phone=13261263333&password=123456&phone_valicode=308
INFO: [ app_init ] --START--
INFO: Run Behavior\BuildLiteBehavior [ RunTime:0.000013s ]
INFO: [ app_init ] --END-- [ RunTime:0.000299s ]

[ 2017-12-01T01:09:33+08:00 ] 127.0.0.1 /uc/submitReg?phone=13261263333&password=123456&phone_valicode=308
INFO: [ app_init ] --START--
INFO: Run Behavior\BuildLiteBehavior [ RunTime:0.000014s ]
INFO: [ app_init ] --END-- [ RunTime:0.000289s ]

[ 2017-12-01T01:10:37+08:00 ] 127.0.0.1 /uc/submitlogin?phone=13261263333&password=123456&phone_valicode=308
INFO: [ app_init ] --START--
INFO: Run Behavior\BuildLiteBehavior [ RunTime:0.000020s ]
INFO: [ app_init ] --END-- [ RunTime:0.000338s ]

[ 2017-12-01T01:12:33+08:00 ] 127.0.0.1 /uc/submitReg?phone=13261263333&password=123456&phone_valicode=308
INFO: [ app_init ] --START--
INFO: Run Behavior\BuildLiteBehavior [ RunTime:0.000019s ]
INFO: [ app_init ] --END-- [ RunTime:0.000340s ]

[ 2017-12-01T01:12:44+08:00 ] 127.0.0.1 /uc/submitlogin?phone=13261263333&password=123456&phone_valicode=308
INFO: [ app_init ] --START--
INFO: Run Behavior\BuildLiteBehavior [ RunTime:0.000016s ]
INFO: [ app_init ] --END-- [ RunTime:0.000319s ]

[ 2017-12-01T01:12:46+08:00 ] 127.0.0.1 /uc/submitlogin?phone=13261263333&password=123456&phone_valicode=308
INFO: [ app_init ] --START--
INFO: Run Behavior\BuildLiteBehavior [ RunTime:0.000015s ]
INFO: [ app_init ] --END-- [ RunTime:0.000305s ]

[ 2017-12-01T01:12:47+08:00 ] 127.0.0.1 /uc/submitlogin?phone=13261263333&password=123456&phone_valicode=308
INFO: [ app_init ] --START--
INFO: Run Behavior\BuildLiteBehavior [ RunTime:0.000017s ]
INFO: [ app_init ] --END-- [ RunTime:0.000366s ]

[ 2017-12-01T01:12:47+08:00 ] 127.0.0.1 /uc/submitlogin?phone=13261263333&password=123456&phone_valicode=308
INFO: [ app_init ] --START--
INFO: Run Behavior\BuildLiteBehavior [ RunTime:0.000016s ]
INFO: [ app_init ] --END-- [ RunTime:0.000361s ]

[ 2017-12-01T01:12:47+08:00 ] 127.0.0.1 /uc/submitlogin?phone=13261263333&password=123456&phone_valicode=308
INFO: [ app_init ] --START--
INFO: Run Behavior\BuildLiteBehavior [ RunTime:0.000014s ]
INFO: [ app_init ] --END-- [ RunTime:0.000294s ]

[ 2017-12-01T01:12:48+08:00 ] 127.0.0.1 /uc/submitlogin?phone=13261263333&password=123456&phone_valicode=308
INFO: [ app_init ] --START--
INFO: Run Behavior\BuildLiteBehavior [ RunTime:0.000014s ]
INFO: [ app_init ] --END-- [ RunTime:0.000303s ]

[ 2017-12-01T01:12:48+08:00 ] 127.0.0.1 /uc/submitlogin?phone=13261263333&password=123456&phone_valicode=308
INFO: [ app_init ] --START--
INFO: Run Behavior\BuildLiteBehavior [ RunTime:0.000013s ]
INFO: [ app_init ] --END-- [ RunTime:0.000284s ]

[ 2017-12-01T01:12:49+08:00 ] 127.0.0.1 /uc/submitlogin?phone=13261263333&password=123456&phone_valicode=308
INFO: [ app_init ] --START--
INFO: Run Behavior\BuildLiteBehavior [ RunTime:0.000014s ]
INFO: [ app_init ] --END-- [ RunTime:0.000337s ]

[ 2017-12-01T12:45:58+08:00 ] 127.0.0.1 /uc/submitlogin?phone=13261263333&password=123456&phone_valicode=308
INFO: [ app_init ] --START--
INFO: Run Behavior\BuildLiteBehavior [ RunTime:0.000016s ]
INFO: [ app_init ] --END-- [ RunTime:0.000535s ]

[ 2017-12-01T12:45:59+08:00 ] 127.0.0.1 /uc/submitlogin?phone=13261263333&password=123456&phone_valicode=308
INFO: [ app_init ] --START--
INFO: Run Behavior\BuildLiteBehavior [ RunTime:0.000013s ]
INFO: [ app_init ] --END-- [ RunTime:0.000285s ]

